       1                                ;Test for ASL(Ming), arithmetic shift left.
       2 000000 000070                  A: .WORD 000070
       3 000002 000400                  B: .WORD 000400
       4                                
       5 000004 016701  177770          START: MOV A, R1 ;R1 = 000070
       6 000010 006301                         ASL R1 ;R1 = 000160
       7 000012 016701  177762                 MOV A, R1
       8 000016 006311                         ASL (R1)
       9 000020 006321                         ASL (R1)+ ;R1 = 000072
      10 000022 006331                         ASL @(R1)+ ;R1 = 000074
      11 000024 006341                         ASL -(R1) ;R1 = 000072
      12 000026 006351                         ASL @-(R1) ; R1 = 000070
      13 000030 006367  000000'                ASL 8(R1)
      14 000034 006377  000000'                ASL @8(R1)
      15                                       
      16 000040 006327  000050                 ASL #000050 ;000120(not sure)
      17 000044 006337  000100                 ASL @#100
      18 000050 006367  177724                 ASL A ;Relative: A = 000160(not sure)
      19 000054 006377  177722                 ASL @B ;Relative deferred: shift content of address 000400 to left 1 bit.(not sure)
      20 000060 000000                  	   HALT
      21                                
      21                                .END START
