       1                                ;Test for DEC(Ming)
       2 000000 000070                  A: .WORD 000070
       3 000002 000400                  B: .WORD 000400
       4                                
       5 000004 016701  177770          START: MOV A, R1 ;R1 = 000070
       6 000010 005301                         DEC R1 ;R1 = 000067
       7 000012 016701  177762                 MOV A, R1
       8 000016 005311                         DEC (R1)
       9 000020 005321                         DEC (R1)+ ;R1 = 000072 
      10 000022 005331                         DEC @(R1)+ ;R1 = 000074
      11 000024 005341                         DEC -(R1) ;R1 = 000072
      12 000026 005351                         DEC @-(R1) ;R1 = 000070
      13 000030 005361  000006                 DEC 6(R1)
      14 000034 005371  000006                 DEC @6(R1)
      15                                       
      16 000040 005327  000050                 DEC #000050 ;000047(not sure)
      17 000044 005337  000100                 DEC @#100
      18 000050 005367  177724                 DEC A ;Relative: A = 000067(not sure)
      19 000054 005377  177722                 DEC @B ;Relative deferred: content of address 0000400 decrement by 1.(not sure)
      20 000060 000000                  	   HALT
      21                                
      21                                .END START
