       1                                ;Test for DECB(Ming)
       2 000000 000070                  A: .WORD 000070
       3 000002 000400                  B: .WORD 000400
       4 000004 002001                  C: .WORD 002001
       5 000006 003002                  D: .WORD 003002
       6                                
       7 000010 016701  177764          START: MOV A, R1 ;R1 = 000070
       8 000014 105301                         DECB R1 ;R1 = 000067
       9 000016 016701  177756                 MOV A, R1
      10 000022 105311                         DECB (R1)
      11 000024 105321                         DECB (R1)+ ;R1 = 000071 
      12 000026 016701  177746          	   MOV A, R1
      13 000032 105331                         DECB @(R1)+ ;R1 = 000072
      14 000034 016701  177744          	   MOV C, R1
      15 000040 105341                         DECB -(R1) ;R1 = 002000
      16 000042 105351                         DECB @-(R1) ;R1 = 001776
      17 000044 105361  000006                 DECB 6(R1)
      18 000050 105371  000006                 DECB @6(R1)
      19                                       
      20 000054 105327  000050                 DECB #000050 ;000047(not sure)
      21 000060 105337  000100                 DECB @#100
      22 000064 105367  177710                 DECB A ;Relative: A = 000067(not sure)
      23 000070 105377  177706                 DECB @B ;Relative deferred: content of address 0000400 decrement by 1.(not sure)
      24 000074 000000                  	   HALT
      25                                
      25                                .END START
