       1                                ;Test for INC(Ming)
       2 000000 000070                  A: .WORD 000070
       3 000002 000400                  B: .WORD 000400
       4                                
       5 000004 016701  177770          START: MOV A, R1 ;R1 = 000070
       6 000010 005201                         INC R1 ;R1 = 000071
       7 000012 016701  177762                 MOV A, R1
       8 000016 005211                         INC (R1)
       9 000020 005221                         INC (R1)+
      10 000022 005231                         INC @(R1)+
      11 000024 005241                         INC -(R1)
      12 000026 005251                         INC @-(R1)
      13 000030 005261  000006                 INC 6(R1)
      14 000034 005271  000006                 INC @6(R1)
      15                                       
      16 000040 005227  000050                 INC #000050 ;000051(not sure)
      17 000044 005237  000100                 INC @#100
      18 000050 005267  177724                 INC A ;Relative: A = 000071(not sure)
      19 000054 005277  177722                 INC @B ;Relative deferred: content of address 0000400 increment by 1.(not sure)
      20 000060 000000                  	   HALT
      21                                
      21                                .END START
