       1                                ;Test for NEG(Ming), convert to 2's complement.
       2 000000 000070                  A: .WORD 000070
       3 000002 000400                  B: .WORD 000400
       4                                
       5 000004 016701  177770          START: MOV A, R1 ;R1 = 000070
       6 000010 005401                         NEG R1 ;R1 = 177710
       7 000012 016701  177762                 MOV A, R1
       8 000016 005411                         NEG (R1)
       9 000020 005421                         NEG (R1)+ ;R1 = 000072
      10 000022 005431                         NEG @(R1)+ ;R1 = 000074
      11 000024 005441                         NEG -(R1) ;R1 = 000072
      12 000026 005451                         NEG @-(R1) ; R1 = 000070
      13 000030 005461  000006                 NEG 6(R1)
      14 000034 005471  000006                 NEG @6(R1)
      15                                       
      16 000040 005427  000050                 NEG #000050 ;177730(not sure)
      17 000044 005437  000100                 NEG @#100
      18 000050 005467  177724                 NEG A ;Relative: A = 177710(not sure)
      19 000054 005477  177722                 NEG @B ;Relative deferred: content of address 0000400 becomes its 2's complement.(not sure)
      20 000060 000000                  	   HALT
      21                                
      21                                .END START
