       1                                ;Test for ROLB(Ming), rotate all bits of one byte to right. Bit 15 or Bit 7 is loaded to C-bit and previous C-bit is loaded to bit 8 or bit 0.
       2 000000 000070                  A: .WORD 000070
       3 000002 000400                  B: .WORD 000400
       4 000004 002001                  C: .WORD 002001
       5 000006 003002                  D: .WORD 003002
       6                                
       7 000010 016701  177764          START: MOV A, R1 ;R1 = 000070
       8 000014 106101                         ROLB R1 ;R1 = 000170 assume previous C-bit is 0
       9 000016 016701  177756                 MOV A, R1
      10 000022 106111                         ROLB (R1)
      11 000024 106121                         ROLB (R1)+ ;R1 = 000071
      12 000026 016701  177746          	   MOV A, R1
      13 000032 106131                         ROLB @(R1)+ ;R1 = 000072
      14 000034 016701  177744          	   MOV C, R1
      15 000040 106141                         ROLB -(R1) ;R1 = 002000
      16 000042 106151                         ROLB @-(R1) ; R1 = 001776
      17 000044 106161  000006                 ROLB 6(R1)
      18 000050 106171  000006                 ROLB @6(R1)
      19                                       
      20 000054 106127  000050                 ROLB #000050 ;000120(not sure) assume previous C-bit is 0
      21 000060 106137  000100                 ROLB @#100
      22 000064 106167  177710                 ROLB A ;Relative: A = 000170(not sure)
      23 000070 106177  177706                 ROLB @B ;Relative deferred: rotate content(lowest byte (7:0)) of address 000400 to left 1 bit.(not sure)
      24 000074 000000                  	   HALT
      25                                
      25                                .END START
