       1                                ;Test for RORB(Ming), rotate all bits of one byte to right. Bit 0 or Bit 8 is loaded to C-bit and previous C-bit is loaded to bit 15 or bit 7.
       2 000000 000070                  A: .WORD 000070
       3 000002 000400                  B: .WORD 000400
       4 000004 002001                  C: .WORD 002001
       5 000006 003002                  D: .WORD 003002
       6                                
       7 000010 016701  177764          START: MOV A, R1 ;R1 = 000070
       8 000014 106001                         RORB R1 ;R1 = 000034 assume previous C-bit is 0
       9 000016 016701  177756                 MOV A, R1
      10 000022 106011                         RORB (R1)
      11 000024 106021                         RORB (R1)+ ;R1 = 000071
      12 000026 016701  177746          	   MOV A, R1
      13 000032 106031                         RORB @(R1)+ ;R1 = 000072
      14 000034 016701  177744          	   MOV C, R1
      15 000040 106041                         RORB -(R1) ;R1 = 002000
      16 000042 106051                         RORB @-(R1) ; R1 = 001776
      17 000044 106061  000006                 RORB 6(R1)
      18 000050 106071  000006                 RORB @6(R1)
      19                                       
      20 000054 106027  000050                 RORB #000050 ;000024(not sure) assume previous C-bit is 0
      21 000060 106037  000100                 RORB @#100
      22 000064 106067  177710                 RORB A ;Relative: A = 000034(not sure)
      23 000070 106077  177706                 RORB @B ;Relative deferred: rotate content(lowest byte (7:0)) of address 000400 to right 1 bit.(not sure)
      24 000074 000000                  	   HALT
      25                                
      25                                .END START
