       1                                ;Test for SBC(Ming), subtract the content of the C-bit from the destination.
       2 000000 000070                  A: .WORD 000070
       3 000002 000400                  B: .WORD 000400
       4                                
       5 000004 016701  177770          START: MOV A, R1 ;R1 = 000070
       6 000010 005601                         SBC R1 ;R1 = 000070 assume previous C-bit is 0
       7 000012 016701  177762                 MOV A, R1
       8 000016 005611                         SBC (R1)
       9 000020 005621                         SBC (R1)+ ;R1 = 000072
      10 000022 005631                         SBC @(R1)+ ;R1 = 000074
      11 000024 005641                         SBC -(R1) ;R1 = 000072
      12 000026 005651                         SBC @-(R1) ; R1 = 000070
      13 000030 005661  000006                 SBC 6(R1)
      14 000034 005671  000006                 SBC @6(R1)
      15                                       
      16 000040 005627  000050                 SBC #000050 ;000050(not sure) assume previous C-bit is 0
      17 000044 005637  000100                 SBC @#100
      18 000050 005667  177724                 SBC A ;Relative: A = 000070(not sure) assume previous C-bit is 0
      19 000054 005677  177722                 SBC @B ;Relative deferred: subtract C-bit to the content of address 000400
      20 000060 000000                  	   HALT
      21                                
      21                                .END START
